<?xml version="1.0" encoding="UTF-8"?>
<!-- Generated by org.testng.reporters.JUnitReportReporter -->
<testsuite hostname="LAPTOP-GQGQPERM" failures="0" tests="1" name="SauceLabs.Slk.Test2" time="6.075" errors="0" timestamp="2025-02-23T20:17:57 IST" skipped="0">
  <testcase classname="SauceLabs.Slk.Test2" name="Example" time="6.075"/>
</testsuite> <!-- SauceLabs.Slk.Test2 -->
