<?xml version="1.0" encoding="UTF-8"?>
<!-- Generated by org.testng.reporters.JUnitReportReporter -->
<testsuite hostname="LAPTOP-GQGQPERM" failures="0" tests="1" name="JenkinsTests.Test1" time="15.808" errors="0" timestamp="2025-02-23T20:32:00 IST" skipped="0">
  <testcase classname="JenkinsTests.Test1" name="testExample" time="15.808"/>
</testsuite> <!-- JenkinsTests.Test1 -->
