<?xml version="1.0" encoding="UTF-8"?>
<!-- Generated by org.testng.reporters.JUnitReportReporter -->
<testsuite hostname="LAPTOP-GQGQPERM" failures="0" tests="2" name="JenkinsTests.Test2" time="16.146" errors="0" timestamp="2025-02-23T20:35:02 IST" skipped="0">
  <testcase classname="JenkinsTests.Test2" name="Example" time="8.437"/>
  <testcase classname="JenkinsTests.Test2" name="Example" time="7.709"/>
</testsuite> <!-- JenkinsTests.Test2 -->
