<?xml version="1.0" encoding="UTF-8"?>
<!-- Generated by org.testng.reporters.JUnitReportReporter -->
<testsuite hostname="LAPTOP-GQGQPERM" failures="0" tests="1" name="JenkinsTests.Test3" time="8.255" errors="0" timestamp="2025-02-23T20:35:02 IST" skipped="0">
  <testcase classname="JenkinsTests.Test3" name="testtExample" time="8.255"/>
</testsuite> <!-- JenkinsTests.Test3 -->
